1
6361 
6454 
6459 
6461 
6459 
6458 
6469 
6466 
6471 
6538 
6541 
6546 
6544 
6548 

6545 
6535 
6526 
6531 
6537 
6539 
6543 
6552 
6555 
6557 
6549 
6535 
6543 
6528 

6542 
6517 
6514 
6521 
6528 
6518 
6541 
6535 
6542 
11387 
6543 
6526 
6521 
6526 

6518 
6516 
6530 
6514 
6517 
6510 
6517 
6514 
6512 
6515 
6510 
6515 
6519 
6510 

6641 
16349 
16335 
8927 
8887 
8882 
6593 
6585 
6594 
6595 
6589 
9012 
9966 
8907 

16153 
38333 
38336 
16487 
16423 
16431 
9645 
9647 
9669 
9948 
9941 
20528 
22479 
17682 

31403 
80945 
80949 
31822 
31716 
31735 
18667 
22784 
20490 
24150 
24077 
46338 
48633 
40847 

71218 
162307 
162311 
62366 
62157 
62206 
46248 
47991 
49497 
53706 
53600 
93608 
97961 
85525 

146126 
324850 
324852 
123462 
122849 
123154 
98589 
100749 
100807 
109403 
109451 
187732 
196229 
172394 

291469 
649944 
649949 
245670 
244852 
245040 
202822 
203248 
203060 
220917 
220963 
375947 
392714 
345906 

